2020-01-04 09:42:55.365 [main] INFO  com.pinbang.pb.PbApplication - Starting PbApplication on AFAAW-710121652 with PID 4280 (C:\Users\Administrator\IdeaProjects\pb\target\classes started by Administrator in C:\Users\Administrator\IdeaProjects\pb)
2020-01-04 09:42:55.381 [main] INFO  com.pinbang.pb.PbApplication - No active profile set, falling back to default profiles: default
2020-01-04 09:42:58.771 [main] INFO  org.apache.coyote.http11.Http11NioProtocol - Initializing ProtocolHandler ["http-nio-8080"]
2020-01-04 09:42:58.771 [main] INFO  org.apache.catalina.core.StandardService - Starting service [Tomcat]
2020-01-04 09:42:58.771 [main] INFO  org.apache.catalina.core.StandardEngine - Starting Servlet engine: [Apache Tomcat/9.0.29]
2020-01-04 09:42:58.927 [main] INFO  o.a.c.core.ContainerBase.[Tomcat].[localhost].[/] - Initializing Spring embedded WebApplicationContext
2020-01-04 09:43:00.787 [main] INFO  org.apache.coyote.http11.Http11NioProtocol - Starting ProtocolHandler ["http-nio-8080"]
2020-01-04 09:43:00.849 [main] INFO  com.pinbang.pb.PbApplication - Started PbApplication in 6.349 seconds (JVM running for 11.35)
2020-01-04 09:43:09.004 [http-nio-8080-exec-1] INFO  o.a.c.core.ContainerBase.[Tomcat].[localhost].[/] - Initializing Spring DispatcherServlet 'dispatcherServlet'
2020-01-04 09:43:09.113 [http-nio-8080-exec-2] INFO  com.zaxxer.hikari.HikariDataSource - HikariPool-1 - Starting...
2020-01-04 09:43:09.285 [http-nio-8080-exec-2] INFO  com.zaxxer.hikari.HikariDataSource - HikariPool-1 - Start completed.
2020-01-04 09:45:16.382 [http-nio-8080-exec-8] ERROR o.a.c.c.C.[.[localhost].[/].[dispatcherServlet] - Servlet.service() for servlet [dispatcherServlet] in context with path [] threw exception [Request processing failed; nested exception is org.springframework.dao.DataIntegrityViolationException: 
### Error updating database.  Cause: java.sql.SQLIntegrityConstraintViolationException: Column 'create_time' cannot be null
### The error may exist in file [C:\Users\Administrator\IdeaProjects\pb\target\classes\mapper\PageMapper.xml]
### The error may involve com.pinbang.pb.mapper.PageMapper.insert-Inline
### The error occurred while setting parameters
### SQL: insert into page (id, parent_id, title,        create_time, modify_time, is_delete,        content)     values (?, ?, ?,        ?, ?, ?,        ?)
### Cause: java.sql.SQLIntegrityConstraintViolationException: Column 'create_time' cannot be null
; Column 'create_time' cannot be null; nested exception is java.sql.SQLIntegrityConstraintViolationException: Column 'create_time' cannot be null] with root cause
java.sql.SQLIntegrityConstraintViolationException: Column 'create_time' cannot be null
	at com.mysql.cj.jdbc.exceptions.SQLError.createSQLException(SQLError.java:117)
	at com.mysql.cj.jdbc.exceptions.SQLError.createSQLException(SQLError.java:97)
	at com.mysql.cj.jdbc.exceptions.SQLExceptionsMapping.translateException(SQLExceptionsMapping.java:122)
	at com.mysql.cj.jdbc.ClientPreparedStatement.executeInternal(ClientPreparedStatement.java:953)
	at com.mysql.cj.jdbc.ClientPreparedStatement.execute(ClientPreparedStatement.java:370)
	at com.zaxxer.hikari.pool.ProxyPreparedStatement.execute(ProxyPreparedStatement.java:44)
	at com.zaxxer.hikari.pool.HikariProxyPreparedStatement.execute(HikariProxyPreparedStatement.java)
	at org.apache.ibatis.executor.statement.PreparedStatementHandler.update(PreparedStatementHandler.java:47)
	at org.apache.ibatis.executor.statement.RoutingStatementHandler.update(RoutingStatementHandler.java:74)
	at org.apache.ibatis.executor.SimpleExecutor.doUpdate(SimpleExecutor.java:50)
	at org.apache.ibatis.executor.BaseExecutor.update(BaseExecutor.java:117)
	at org.apache.ibatis.executor.CachingExecutor.update(CachingExecutor.java:76)
	at sun.reflect.NativeMethodAccessorImpl.invoke0(Native Method)
	at sun.reflect.NativeMethodAccessorImpl.invoke(NativeMethodAccessorImpl.java:62)
	at sun.reflect.DelegatingMethodAccessorImpl.invoke(DelegatingMethodAccessorImpl.java:43)
	at java.lang.reflect.Method.invoke(Method.java:498)
	at org.apache.ibatis.plugin.Plugin.invoke(Plugin.java:63)
	at com.sun.proxy.$Proxy78.update(Unknown Source)
	at org.apache.ibatis.session.defaults.DefaultSqlSession.update(DefaultSqlSession.java:197)
	at org.apache.ibatis.session.defaults.DefaultSqlSession.insert(DefaultSqlSession.java:184)
	at sun.reflect.NativeMethodAccessorImpl.invoke0(Native Method)
	at sun.reflect.NativeMethodAccessorImpl.invoke(NativeMethodAccessorImpl.java:62)
	at sun.reflect.DelegatingMethodAccessorImpl.invoke(DelegatingMethodAccessorImpl.java:43)
	at java.lang.reflect.Method.invoke(Method.java:498)
	at org.mybatis.spring.SqlSessionTemplate$SqlSessionInterceptor.invoke(SqlSessionTemplate.java:426)
	at com.sun.proxy.$Proxy66.insert(Unknown Source)
	at org.mybatis.spring.SqlSessionTemplate.insert(SqlSessionTemplate.java:271)
	at org.apache.ibatis.binding.MapperMethod.execute(MapperMethod.java:62)
	at org.apache.ibatis.binding.MapperProxy.invoke(MapperProxy.java:93)
	at com.sun.proxy.$Proxy68.insert(Unknown Source)
	at com.pinbang.pb.service.page.Impl.pageServiceImpl.addPage(pageServiceImpl.java:46)
	at com.pinbang.pb.controller.pageController.pageController.addPage(pageController.java:53)
	at sun.reflect.NativeMethodAccessorImpl.invoke0(Native Method)
	at sun.reflect.NativeMethodAccessorImpl.invoke(NativeMethodAccessorImpl.java:62)
	at sun.reflect.DelegatingMethodAccessorImpl.invoke(DelegatingMethodAccessorImpl.java:43)
	at java.lang.reflect.Method.invoke(Method.java:498)
	at org.springframework.web.method.support.InvocableHandlerMethod.doInvoke(InvocableHandlerMethod.java:190)
	at org.springframework.web.method.support.InvocableHandlerMethod.invokeForRequest(InvocableHandlerMethod.java:138)
	at org.springframework.web.servlet.mvc.method.annotation.ServletInvocableHandlerMethod.invokeAndHandle(ServletInvocableHandlerMethod.java:106)
	at org.springframework.web.servlet.mvc.method.annotation.RequestMappingHandlerAdapter.invokeHandlerMethod(RequestMappingHandlerAdapter.java:888)
	at org.springframework.web.servlet.mvc.method.annotation.RequestMappingHandlerAdapter.handleInternal(RequestMappingHandlerAdapter.java:793)
	at org.springframework.web.servlet.mvc.method.AbstractHandlerMethodAdapter.handle(AbstractHandlerMethodAdapter.java:87)
	at org.springframework.web.servlet.DispatcherServlet.doDispatch(DispatcherServlet.java:1040)
	at org.springframework.web.servlet.DispatcherServlet.doService(DispatcherServlet.java:943)
	at org.springframework.web.servlet.FrameworkServlet.processRequest(FrameworkServlet.java:1006)
	at org.springframework.web.servlet.FrameworkServlet.doPost(FrameworkServlet.java:909)
	at javax.servlet.http.HttpServlet.service(HttpServlet.java:660)
	at org.springframework.web.servlet.FrameworkServlet.service(FrameworkServlet.java:883)
	at javax.servlet.http.HttpServlet.service(HttpServlet.java:741)
	at org.apache.catalina.core.ApplicationFilterChain.internalDoFilter(ApplicationFilterChain.java:231)
	at org.apache.catalina.core.ApplicationFilterChain.doFilter(ApplicationFilterChain.java:166)
	at org.apache.tomcat.websocket.server.WsFilter.doFilter(WsFilter.java:53)
	at org.apache.catalina.core.ApplicationFilterChain.internalDoFilter(ApplicationFilterChain.java:193)
	at org.apache.catalina.core.ApplicationFilterChain.doFilter(ApplicationFilterChain.java:166)
	at org.springframework.web.filter.RequestContextFilter.doFilterInternal(RequestContextFilter.java:100)
	at org.springframework.web.filter.OncePerRequestFilter.doFilter(OncePerRequestFilter.java:119)
	at org.apache.catalina.core.ApplicationFilterChain.internalDoFilter(ApplicationFilterChain.java:193)
	at org.apache.catalina.core.ApplicationFilterChain.doFilter(ApplicationFilterChain.java:166)
	at org.springframework.web.filter.FormContentFilter.doFilterInternal(FormContentFilter.java:93)
	at org.springframework.web.filter.OncePerRequestFilter.doFilter(OncePerRequestFilter.java:119)
	at org.apache.catalina.core.ApplicationFilterChain.internalDoFilter(ApplicationFilterChain.java:193)
	at org.apache.catalina.core.ApplicationFilterChain.doFilter(ApplicationFilterChain.java:166)
	at org.springframework.web.filter.CharacterEncodingFilter.doFilterInternal(CharacterEncodingFilter.java:201)
	at org.springframework.web.filter.OncePerRequestFilter.doFilter(OncePerRequestFilter.java:119)
	at org.apache.catalina.core.ApplicationFilterChain.internalDoFilter(ApplicationFilterChain.java:193)
	at org.apache.catalina.core.ApplicationFilterChain.doFilter(ApplicationFilterChain.java:166)
	at org.apache.catalina.core.StandardWrapperValve.invoke(StandardWrapperValve.java:202)
	at org.apache.catalina.core.StandardContextValve.invoke(StandardContextValve.java:96)
	at org.apache.catalina.authenticator.AuthenticatorBase.invoke(AuthenticatorBase.java:526)
	at org.apache.catalina.core.StandardHostValve.invoke(StandardHostValve.java:139)
	at org.apache.catalina.valves.ErrorReportValve.invoke(ErrorReportValve.java:92)
	at org.apache.catalina.core.StandardEngineValve.invoke(StandardEngineValve.java:74)
	at org.apache.catalina.connector.CoyoteAdapter.service(CoyoteAdapter.java:343)
	at org.apache.coyote.http11.Http11Processor.service(Http11Processor.java:367)
	at org.apache.coyote.AbstractProcessorLight.process(AbstractProcessorLight.java:65)
	at org.apache.coyote.AbstractProtocol$ConnectionHandler.process(AbstractProtocol.java:860)
	at org.apache.tomcat.util.net.NioEndpoint$SocketProcessor.doRun(NioEndpoint.java:1591)
	at org.apache.tomcat.util.net.SocketProcessorBase.run(SocketProcessorBase.java:49)
	at java.util.concurrent.ThreadPoolExecutor.runWorker(ThreadPoolExecutor.java:1142)
	at java.util.concurrent.ThreadPoolExecutor$Worker.run(ThreadPoolExecutor.java:617)
	at org.apache.tomcat.util.threads.TaskThread$WrappingRunnable.run(TaskThread.java:61)
	at java.lang.Thread.run(Thread.java:748)
2020-01-04 09:48:44.010 [main] INFO  com.pinbang.pb.PbApplication - Starting PbApplication on AFAAW-710121652 with PID 14688 (C:\Users\Administrator\IdeaProjects\pb\target\classes started by Administrator in C:\Users\Administrator\IdeaProjects\pb)
2020-01-04 09:48:44.010 [main] INFO  com.pinbang.pb.PbApplication - No active profile set, falling back to default profiles: default
2020-01-04 09:48:46.181 [main] INFO  org.apache.coyote.http11.Http11NioProtocol - Initializing ProtocolHandler ["http-nio-8080"]
2020-01-04 09:48:46.181 [main] INFO  org.apache.catalina.core.StandardService - Starting service [Tomcat]
2020-01-04 09:48:46.197 [main] INFO  org.apache.catalina.core.StandardEngine - Starting Servlet engine: [Apache Tomcat/9.0.29]
2020-01-04 09:48:46.369 [main] INFO  o.a.c.core.ContainerBase.[Tomcat].[localhost].[/] - Initializing Spring embedded WebApplicationContext
2020-01-04 09:48:47.931 [main] INFO  org.apache.coyote.http11.Http11NioProtocol - Starting ProtocolHandler ["http-nio-8080"]
2020-01-04 09:48:47.978 [main] INFO  com.pinbang.pb.PbApplication - Started PbApplication in 4.887 seconds (JVM running for 9.005)
2020-01-04 09:48:55.221 [http-nio-8080-exec-1] INFO  o.a.c.core.ContainerBase.[Tomcat].[localhost].[/] - Initializing Spring DispatcherServlet 'dispatcherServlet'
2020-01-04 09:48:55.346 [http-nio-8080-exec-1] INFO  com.zaxxer.hikari.HikariDataSource - HikariPool-1 - Starting...
2020-01-04 09:48:55.533 [http-nio-8080-exec-1] INFO  com.zaxxer.hikari.HikariDataSource - HikariPool-1 - Start completed.
2020-01-04 09:49:06.314 [http-nio-8080-exec-2] ERROR o.a.c.c.C.[.[localhost].[/].[dispatcherServlet] - Servlet.service() for servlet [dispatcherServlet] in context with path [] threw exception [Request processing failed; nested exception is org.springframework.dao.DataIntegrityViolationException: 
### Error updating database.  Cause: java.sql.SQLException: Field 'content' doesn't have a default value
### The error may exist in file [C:\Users\Administrator\IdeaProjects\pb\target\classes\mapper\PageMapper.xml]
### The error may involve com.pinbang.pb.mapper.PageMapper.insertSelective-Inline
### The error occurred while setting parameters
### SQL: insert into page      ( parent_id,                       title,                              modify_time )       values ( ?,                       ?,                              ? )
### Cause: java.sql.SQLException: Field 'content' doesn't have a default value
; Field 'content' doesn't have a default value; nested exception is java.sql.SQLException: Field 'content' doesn't have a default value] with root cause
java.sql.SQLException: Field 'content' doesn't have a default value
	at com.mysql.cj.jdbc.exceptions.SQLError.createSQLException(SQLError.java:129)
	at com.mysql.cj.jdbc.exceptions.SQLError.createSQLException(SQLError.java:97)
	at com.mysql.cj.jdbc.exceptions.SQLExceptionsMapping.translateException(SQLExceptionsMapping.java:122)
	at com.mysql.cj.jdbc.ClientPreparedStatement.executeInternal(ClientPreparedStatement.java:953)
	at com.mysql.cj.jdbc.ClientPreparedStatement.execute(ClientPreparedStatement.java:370)
	at com.zaxxer.hikari.pool.ProxyPreparedStatement.execute(ProxyPreparedStatement.java:44)
	at com.zaxxer.hikari.pool.HikariProxyPreparedStatement.execute(HikariProxyPreparedStatement.java)
	at org.apache.ibatis.executor.statement.PreparedStatementHandler.update(PreparedStatementHandler.java:47)
	at org.apache.ibatis.executor.statement.RoutingStatementHandler.update(RoutingStatementHandler.java:74)
	at org.apache.ibatis.executor.SimpleExecutor.doUpdate(SimpleExecutor.java:50)
	at org.apache.ibatis.executor.BaseExecutor.update(BaseExecutor.java:117)
	at org.apache.ibatis.executor.CachingExecutor.update(CachingExecutor.java:76)
	at sun.reflect.NativeMethodAccessorImpl.invoke0(Native Method)
	at sun.reflect.NativeMethodAccessorImpl.invoke(NativeMethodAccessorImpl.java:62)
	at sun.reflect.DelegatingMethodAccessorImpl.invoke(DelegatingMethodAccessorImpl.java:43)
	at java.lang.reflect.Method.invoke(Method.java:498)
	at org.apache.ibatis.plugin.Plugin.invoke(Plugin.java:63)
	at com.sun.proxy.$Proxy80.update(Unknown Source)
	at org.apache.ibatis.session.defaults.DefaultSqlSession.update(DefaultSqlSession.java:197)
	at org.apache.ibatis.session.defaults.DefaultSqlSession.insert(DefaultSqlSession.java:184)
	at sun.reflect.NativeMethodAccessorImpl.invoke0(Native Method)
	at sun.reflect.NativeMethodAccessorImpl.invoke(NativeMethodAccessorImpl.java:62)
	at sun.reflect.DelegatingMethodAccessorImpl.invoke(DelegatingMethodAccessorImpl.java:43)
	at java.lang.reflect.Method.invoke(Method.java:498)
	at org.mybatis.spring.SqlSessionTemplate$SqlSessionInterceptor.invoke(SqlSessionTemplate.java:426)
	at com.sun.proxy.$Proxy66.insert(Unknown Source)
	at org.mybatis.spring.SqlSessionTemplate.insert(SqlSessionTemplate.java:271)
	at org.apache.ibatis.binding.MapperMethod.execute(MapperMethod.java:62)
	at org.apache.ibatis.binding.MapperProxy.invoke(MapperProxy.java:93)
	at com.sun.proxy.$Proxy68.insertSelective(Unknown Source)
	at com.pinbang.pb.service.page.Impl.pageServiceImpl.addPage(pageServiceImpl.java:47)
	at com.pinbang.pb.controller.pageController.pageController.addPage(pageController.java:53)
	at sun.reflect.NativeMethodAccessorImpl.invoke0(Native Method)
	at sun.reflect.NativeMethodAccessorImpl.invoke(NativeMethodAccessorImpl.java:62)
	at sun.reflect.DelegatingMethodAccessorImpl.invoke(DelegatingMethodAccessorImpl.java:43)
	at java.lang.reflect.Method.invoke(Method.java:498)
	at org.springframework.web.method.support.InvocableHandlerMethod.doInvoke(InvocableHandlerMethod.java:190)
	at org.springframework.web.method.support.InvocableHandlerMethod.invokeForRequest(InvocableHandlerMethod.java:138)
	at org.springframework.web.servlet.mvc.method.annotation.ServletInvocableHandlerMethod.invokeAndHandle(ServletInvocableHandlerMethod.java:106)
	at org.springframework.web.servlet.mvc.method.annotation.RequestMappingHandlerAdapter.invokeHandlerMethod(RequestMappingHandlerAdapter.java:888)
	at org.springframework.web.servlet.mvc.method.annotation.RequestMappingHandlerAdapter.handleInternal(RequestMappingHandlerAdapter.java:793)
	at org.springframework.web.servlet.mvc.method.AbstractHandlerMethodAdapter.handle(AbstractHandlerMethodAdapter.java:87)
	at org.springframework.web.servlet.DispatcherServlet.doDispatch(DispatcherServlet.java:1040)
	at org.springframework.web.servlet.DispatcherServlet.doService(DispatcherServlet.java:943)
	at org.springframework.web.servlet.FrameworkServlet.processRequest(FrameworkServlet.java:1006)
	at org.springframework.web.servlet.FrameworkServlet.doPost(FrameworkServlet.java:909)
	at javax.servlet.http.HttpServlet.service(HttpServlet.java:660)
	at org.springframework.web.servlet.FrameworkServlet.service(FrameworkServlet.java:883)
	at javax.servlet.http.HttpServlet.service(HttpServlet.java:741)
	at org.apache.catalina.core.ApplicationFilterChain.internalDoFilter(ApplicationFilterChain.java:231)
	at org.apache.catalina.core.ApplicationFilterChain.doFilter(ApplicationFilterChain.java:166)
	at org.apache.tomcat.websocket.server.WsFilter.doFilter(WsFilter.java:53)
	at org.apache.catalina.core.ApplicationFilterChain.internalDoFilter(ApplicationFilterChain.java:193)
	at org.apache.catalina.core.ApplicationFilterChain.doFilter(ApplicationFilterChain.java:166)
	at org.springframework.web.filter.RequestContextFilter.doFilterInternal(RequestContextFilter.java:100)
	at org.springframework.web.filter.OncePerRequestFilter.doFilter(OncePerRequestFilter.java:119)
	at org.apache.catalina.core.ApplicationFilterChain.internalDoFilter(ApplicationFilterChain.java:193)
	at org.apache.catalina.core.ApplicationFilterChain.doFilter(ApplicationFilterChain.java:166)
	at org.springframework.web.filter.FormContentFilter.doFilterInternal(FormContentFilter.java:93)
	at org.springframework.web.filter.OncePerRequestFilter.doFilter(OncePerRequestFilter.java:119)
	at org.apache.catalina.core.ApplicationFilterChain.internalDoFilter(ApplicationFilterChain.java:193)
	at org.apache.catalina.core.ApplicationFilterChain.doFilter(ApplicationFilterChain.java:166)
	at org.springframework.web.filter.CharacterEncodingFilter.doFilterInternal(CharacterEncodingFilter.java:201)
	at org.springframework.web.filter.OncePerRequestFilter.doFilter(OncePerRequestFilter.java:119)
	at org.apache.catalina.core.ApplicationFilterChain.internalDoFilter(ApplicationFilterChain.java:193)
	at org.apache.catalina.core.ApplicationFilterChain.doFilter(ApplicationFilterChain.java:166)
	at org.apache.catalina.core.StandardWrapperValve.invoke(StandardWrapperValve.java:202)
	at org.apache.catalina.core.StandardContextValve.invoke(StandardContextValve.java:96)
	at org.apache.catalina.authenticator.AuthenticatorBase.invoke(AuthenticatorBase.java:526)
	at org.apache.catalina.core.StandardHostValve.invoke(StandardHostValve.java:139)
	at org.apache.catalina.valves.ErrorReportValve.invoke(ErrorReportValve.java:92)
	at org.apache.catalina.core.StandardEngineValve.invoke(StandardEngineValve.java:74)
	at org.apache.catalina.connector.CoyoteAdapter.service(CoyoteAdapter.java:343)
	at org.apache.coyote.http11.Http11Processor.service(Http11Processor.java:367)
	at org.apache.coyote.AbstractProcessorLight.process(AbstractProcessorLight.java:65)
	at org.apache.coyote.AbstractProtocol$ConnectionHandler.process(AbstractProtocol.java:860)
	at org.apache.tomcat.util.net.NioEndpoint$SocketProcessor.doRun(NioEndpoint.java:1591)
	at org.apache.tomcat.util.net.SocketProcessorBase.run(SocketProcessorBase.java:49)
	at java.util.concurrent.ThreadPoolExecutor.runWorker(ThreadPoolExecutor.java:1142)
	at java.util.concurrent.ThreadPoolExecutor$Worker.run(ThreadPoolExecutor.java:617)
	at org.apache.tomcat.util.threads.TaskThread$WrappingRunnable.run(TaskThread.java:61)
	at java.lang.Thread.run(Thread.java:748)
2020-01-04 10:59:49.015 [main] INFO  com.pinbang.pb.PbApplication - Starting PbApplication on AFAAW-710121652 with PID 15520 (C:\Users\Administrator\IdeaProjects\pb\target\classes started by Administrator in C:\Users\Administrator\IdeaProjects\pb)
2020-01-04 10:59:49.017 [main] INFO  com.pinbang.pb.PbApplication - No active profile set, falling back to default profiles: default
2020-01-04 10:59:52.022 [main] INFO  org.apache.coyote.http11.Http11NioProtocol - Initializing ProtocolHandler ["http-nio-8080"]
2020-01-04 10:59:52.024 [main] INFO  org.apache.catalina.core.StandardService - Starting service [Tomcat]
2020-01-04 10:59:52.025 [main] INFO  org.apache.catalina.core.StandardEngine - Starting Servlet engine: [Apache Tomcat/9.0.29]
2020-01-04 10:59:52.201 [main] INFO  o.a.c.core.ContainerBase.[Tomcat].[localhost].[/] - Initializing Spring embedded WebApplicationContext
2020-01-04 10:59:53.998 [main] INFO  org.apache.coyote.http11.Http11NioProtocol - Starting ProtocolHandler ["http-nio-8080"]
2020-01-04 10:59:54.051 [main] INFO  com.pinbang.pb.PbApplication - Started PbApplication in 6.669 seconds (JVM running for 11.814)
2020-01-04 11:05:13.530 [http-nio-8080-exec-10] INFO  o.a.c.core.ContainerBase.[Tomcat].[localhost].[/] - Initializing Spring DispatcherServlet 'dispatcherServlet'
2020-01-04 11:05:13.672 [http-nio-8080-exec-10] INFO  com.zaxxer.hikari.HikariDataSource - HikariPool-1 - Starting...
2020-01-04 11:05:13.874 [http-nio-8080-exec-10] INFO  com.zaxxer.hikari.HikariDataSource - HikariPool-1 - Start completed.
2020-01-04 11:12:02.018 [main] INFO  com.pinbang.pb.PbApplication - Starting PbApplication on AFAAW-710121652 with PID 13060 (C:\Users\Administrator\IdeaProjects\pb\target\classes started by Administrator in C:\Users\Administrator\IdeaProjects\pb)
2020-01-04 11:12:02.021 [main] INFO  com.pinbang.pb.PbApplication - No active profile set, falling back to default profiles: default
2020-01-04 11:12:04.270 [main] INFO  org.apache.coyote.http11.Http11NioProtocol - Initializing ProtocolHandler ["http-nio-8080"]
2020-01-04 11:12:04.273 [main] INFO  org.apache.catalina.core.StandardService - Starting service [Tomcat]
2020-01-04 11:12:04.275 [main] INFO  org.apache.catalina.core.StandardEngine - Starting Servlet engine: [Apache Tomcat/9.0.29]
2020-01-04 11:12:04.527 [main] INFO  o.a.c.core.ContainerBase.[Tomcat].[localhost].[/] - Initializing Spring embedded WebApplicationContext
2020-01-04 11:12:06.223 [main] INFO  org.apache.coyote.http11.Http11NioProtocol - Starting ProtocolHandler ["http-nio-8080"]
2020-01-04 11:12:06.295 [main] INFO  com.pinbang.pb.PbApplication - Started PbApplication in 5.688 seconds (JVM running for 9.899)
2020-01-04 11:12:17.027 [http-nio-8080-exec-1] INFO  o.a.c.core.ContainerBase.[Tomcat].[localhost].[/] - Initializing Spring DispatcherServlet 'dispatcherServlet'
2020-01-04 11:12:17.140 [http-nio-8080-exec-1] INFO  com.zaxxer.hikari.HikariDataSource - HikariPool-1 - Starting...
2020-01-04 11:12:17.353 [http-nio-8080-exec-1] INFO  com.zaxxer.hikari.HikariDataSource - HikariPool-1 - Start completed.
2020-01-04 13:40:51.254 [main] INFO  com.pinbang.pb.PbApplication - Starting PbApplication on AFAAW-710121652 with PID 5956 (C:\Users\Administrator\IdeaProjects\pb\target\classes started by Administrator in C:\Users\Administrator\IdeaProjects\pb)
2020-01-04 13:40:51.262 [main] INFO  com.pinbang.pb.PbApplication - No active profile set, falling back to default profiles: default
2020-01-04 13:40:54.670 [main] INFO  org.apache.coyote.http11.Http11NioProtocol - Initializing ProtocolHandler ["http-nio-8080"]
2020-01-04 13:40:54.671 [main] INFO  org.apache.catalina.core.StandardService - Starting service [Tomcat]
2020-01-04 13:40:54.673 [main] INFO  org.apache.catalina.core.StandardEngine - Starting Servlet engine: [Apache Tomcat/9.0.29]
2020-01-04 13:40:54.958 [main] INFO  o.a.c.core.ContainerBase.[Tomcat].[localhost].[/] - Initializing Spring embedded WebApplicationContext
2020-01-04 13:40:57.399 [main] INFO  org.apache.coyote.http11.Http11NioProtocol - Starting ProtocolHandler ["http-nio-8080"]
2020-01-04 13:40:57.497 [main] INFO  com.pinbang.pb.PbApplication - Started PbApplication in 7.507 seconds (JVM running for 17.053)
2020-01-04 14:06:01.659 [main] INFO  com.pinbang.pb.PbApplicationTests - Starting PbApplicationTests on AFAAW-710121652 with PID 11712 (started by Administrator in C:\Users\Administrator\IdeaProjects\pb)
2020-01-04 14:06:01.661 [main] INFO  com.pinbang.pb.PbApplicationTests - No active profile set, falling back to default profiles: default
2020-01-04 14:06:16.328 [main] INFO  com.pinbang.pb.PbApplicationTests - Started PbApplicationTests in 17.083 seconds (JVM running for 22.142)
2020-01-04 14:34:42.028 [main] INFO  com.pinbang.pb.PbApplication - Starting PbApplication on AFAAW-710121652 with PID 4452 (C:\Users\Administrator\IdeaProjects\pb\target\classes started by Administrator in C:\Users\Administrator\IdeaProjects\pb)
2020-01-04 14:34:42.031 [main] INFO  com.pinbang.pb.PbApplication - No active profile set, falling back to default profiles: default
2020-01-04 14:34:45.413 [main] INFO  org.apache.coyote.http11.Http11NioProtocol - Initializing ProtocolHandler ["http-nio-8080"]
2020-01-04 14:34:45.415 [main] INFO  org.apache.catalina.core.StandardService - Starting service [Tomcat]
2020-01-04 14:34:45.415 [main] INFO  org.apache.catalina.core.StandardEngine - Starting Servlet engine: [Apache Tomcat/9.0.29]
2020-01-04 14:34:45.617 [main] INFO  o.a.c.core.ContainerBase.[Tomcat].[localhost].[/] - Initializing Spring embedded WebApplicationContext
2020-01-04 14:34:47.718 [main] INFO  org.apache.coyote.http11.Http11NioProtocol - Starting ProtocolHandler ["http-nio-8080"]
2020-01-04 14:34:47.786 [main] INFO  com.pinbang.pb.PbApplication - Started PbApplication in 7.14 seconds (JVM running for 12.262)
2020-01-04 14:35:24.386 [http-nio-8080-exec-1] INFO  o.a.c.core.ContainerBase.[Tomcat].[localhost].[/] - Initializing Spring DispatcherServlet 'dispatcherServlet'
2020-01-04 14:35:24.556 [http-nio-8080-exec-1] INFO  com.zaxxer.hikari.HikariDataSource - HikariPool-1 - Starting...
2020-01-04 14:35:24.951 [http-nio-8080-exec-1] INFO  com.zaxxer.hikari.HikariDataSource - HikariPool-1 - Start completed.
2020-01-04 17:05:48.157 [main] INFO  com.pinbang.pb.PbApplication - Starting PbApplication on AFAAW-710121652 with PID 13000 (C:\Users\Administrator\IdeaProjects\pb\target\classes started by Administrator in C:\Users\Administrator\IdeaProjects\pb)
2020-01-04 17:05:48.164 [main] INFO  com.pinbang.pb.PbApplication - No active profile set, falling back to default profiles: default
2020-01-04 17:05:52.989 [main] INFO  org.apache.coyote.http11.Http11NioProtocol - Initializing ProtocolHandler ["http-nio-8080"]
2020-01-04 17:05:52.992 [main] INFO  org.apache.catalina.core.StandardService - Starting service [Tomcat]
2020-01-04 17:05:52.993 [main] INFO  org.apache.catalina.core.StandardEngine - Starting Servlet engine: [Apache Tomcat/9.0.29]
2020-01-04 17:05:53.316 [main] INFO  o.a.c.core.ContainerBase.[Tomcat].[localhost].[/] - Initializing Spring embedded WebApplicationContext
2020-01-04 17:05:55.637 [main] INFO  org.apache.coyote.http11.Http11NioProtocol - Starting ProtocolHandler ["http-nio-8080"]
2020-01-04 17:05:55.735 [main] INFO  com.pinbang.pb.PbApplication - Started PbApplication in 9.235 seconds (JVM running for 15.888)
2020-01-04 17:06:31.402 [http-nio-8080-exec-1] INFO  o.a.c.core.ContainerBase.[Tomcat].[localhost].[/] - Initializing Spring DispatcherServlet 'dispatcherServlet'
2020-01-04 17:06:31.574 [http-nio-8080-exec-1] INFO  com.zaxxer.hikari.HikariDataSource - HikariPool-1 - Starting...
2020-01-04 17:06:31.867 [http-nio-8080-exec-1] INFO  com.zaxxer.hikari.HikariDataSource - HikariPool-1 - Start completed.
2020-01-04 17:18:46.653 [main] INFO  com.pinbang.pb.PbApplication - Starting PbApplication on AFAAW-710121652 with PID 3112 (C:\Users\Administrator\IdeaProjects\pb\target\classes started by Administrator in C:\Users\Administrator\IdeaProjects\pb)
2020-01-04 17:18:46.656 [main] INFO  com.pinbang.pb.PbApplication - No active profile set, falling back to default profiles: default
2020-01-04 17:18:51.366 [main] INFO  org.apache.coyote.http11.Http11NioProtocol - Initializing ProtocolHandler ["http-nio-8080"]
2020-01-04 17:18:51.367 [main] INFO  org.apache.catalina.core.StandardService - Starting service [Tomcat]
2020-01-04 17:18:51.369 [main] INFO  org.apache.catalina.core.StandardEngine - Starting Servlet engine: [Apache Tomcat/9.0.29]
2020-01-04 17:18:51.601 [main] INFO  o.a.c.core.ContainerBase.[Tomcat].[localhost].[/] - Initializing Spring embedded WebApplicationContext
2020-01-04 17:18:53.960 [main] INFO  org.apache.coyote.http11.Http11NioProtocol - Starting ProtocolHandler ["http-nio-8080"]
2020-01-04 17:18:54.070 [main] INFO  com.pinbang.pb.PbApplication - Started PbApplication in 8.631 seconds (JVM running for 14.701)
2020-01-04 17:19:11.964 [http-nio-8080-exec-1] INFO  o.a.c.core.ContainerBase.[Tomcat].[localhost].[/] - Initializing Spring DispatcherServlet 'dispatcherServlet'
2020-01-04 17:19:12.449 [http-nio-8080-exec-1] INFO  com.zaxxer.hikari.HikariDataSource - HikariPool-1 - Starting...
2020-01-04 17:19:12.707 [http-nio-8080-exec-1] INFO  com.zaxxer.hikari.HikariDataSource - HikariPool-1 - Start completed.
2020-01-04 17:20:53.645 [main] INFO  com.pinbang.pb.PbApplicationTests - Starting PbApplicationTests on AFAAW-710121652 with PID 5660 (started by Administrator in C:\Users\Administrator\IdeaProjects\pb)
2020-01-04 17:20:53.647 [main] INFO  com.pinbang.pb.PbApplicationTests - No active profile set, falling back to default profiles: default
2020-01-04 17:21:09.912 [main] INFO  com.pinbang.pb.PbApplicationTests - Started PbApplicationTests in 18.114 seconds (JVM running for 22.945)
2020-01-04 17:21:11.523 [main] INFO  com.zaxxer.hikari.HikariDataSource - HikariPool-1 - Starting...
2020-01-04 17:21:12.387 [main] INFO  com.zaxxer.hikari.HikariDataSource - HikariPool-1 - Start completed.
2020-01-04 17:21:13.383 [SpringContextShutdownHook] INFO  com.zaxxer.hikari.HikariDataSource - HikariPool-1 - Shutdown initiated...
2020-01-04 17:21:13.468 [SpringContextShutdownHook] INFO  com.zaxxer.hikari.HikariDataSource - HikariPool-1 - Shutdown completed.
2020-01-04 17:23:07.629 [main] INFO  com.pinbang.pb.PbApplicationTests - Starting PbApplicationTests on AFAAW-710121652 with PID 1716 (started by Administrator in C:\Users\Administrator\IdeaProjects\pb)
2020-01-04 17:23:07.630 [main] INFO  com.pinbang.pb.PbApplicationTests - No active profile set, falling back to default profiles: default
2020-01-04 17:23:25.217 [main] INFO  com.pinbang.pb.PbApplicationTests - Started PbApplicationTests in 19.23 seconds (JVM running for 23.775)
2020-01-04 17:23:26.654 [main] INFO  com.zaxxer.hikari.HikariDataSource - HikariPool-1 - Starting...
2020-01-04 17:23:27.221 [main] INFO  com.zaxxer.hikari.HikariDataSource - HikariPool-1 - Start completed.
2020-01-04 17:23:27.509 [SpringContextShutdownHook] INFO  com.zaxxer.hikari.HikariDataSource - HikariPool-1 - Shutdown initiated...
2020-01-04 17:23:27.553 [SpringContextShutdownHook] INFO  com.zaxxer.hikari.HikariDataSource - HikariPool-1 - Shutdown completed.
2020-01-04 19:44:05.564 [main] INFO  com.pinbang.pb.PbApplicationTests - Starting PbApplicationTests on AFAAW-710121652 with PID 14660 (started by Administrator in C:\Users\Administrator\IdeaProjects\pb)
2020-01-04 19:44:05.588 [main] INFO  com.pinbang.pb.PbApplicationTests - No active profile set, falling back to default profiles: default
2020-01-04 19:44:17.355 [main] INFO  com.pinbang.pb.PbApplicationTests - Started PbApplicationTests in 14.088 seconds (JVM running for 18.832)
2020-01-04 19:44:18.736 [main] INFO  com.zaxxer.hikari.HikariDataSource - HikariPool-1 - Starting...
2020-01-04 19:44:19.380 [main] INFO  com.zaxxer.hikari.HikariDataSource - HikariPool-1 - Start completed.
2020-01-04 19:44:19.560 [SpringContextShutdownHook] INFO  com.zaxxer.hikari.HikariDataSource - HikariPool-1 - Shutdown initiated...
2020-01-04 19:44:19.654 [SpringContextShutdownHook] INFO  com.zaxxer.hikari.HikariDataSource - HikariPool-1 - Shutdown completed.
2020-01-04 19:46:41.791 [main] INFO  com.pinbang.pb.PbApplication - Starting PbApplication on AFAAW-710121652 with PID 2484 (C:\Users\Administrator\IdeaProjects\pb\target\classes started by Administrator in C:\Users\Administrator\IdeaProjects\pb)
2020-01-04 19:46:41.793 [main] INFO  com.pinbang.pb.PbApplication - No active profile set, falling back to default profiles: default
2020-01-04 19:46:44.053 [main] INFO  org.apache.coyote.http11.Http11NioProtocol - Initializing ProtocolHandler ["http-nio-8080"]
2020-01-04 19:46:44.054 [main] INFO  org.apache.catalina.core.StandardService - Starting service [Tomcat]
2020-01-04 19:46:44.055 [main] INFO  org.apache.catalina.core.StandardEngine - Starting Servlet engine: [Apache Tomcat/9.0.29]
2020-01-04 19:46:44.181 [main] INFO  o.a.c.core.ContainerBase.[Tomcat].[localhost].[/] - Initializing Spring embedded WebApplicationContext
2020-01-04 19:46:45.761 [main] INFO  org.apache.coyote.http11.Http11NioProtocol - Starting ProtocolHandler ["http-nio-8080"]
2020-01-04 19:46:45.813 [main] INFO  com.pinbang.pb.PbApplication - Started PbApplication in 5.171 seconds (JVM running for 9.424)
2020-01-04 19:46:51.004 [http-nio-8080-exec-1] INFO  o.a.c.core.ContainerBase.[Tomcat].[localhost].[/] - Initializing Spring DispatcherServlet 'dispatcherServlet'
2020-01-04 19:46:51.155 [http-nio-8080-exec-1] INFO  com.zaxxer.hikari.HikariDataSource - HikariPool-1 - Starting...
2020-01-04 19:46:51.406 [http-nio-8080-exec-1] INFO  com.zaxxer.hikari.HikariDataSource - HikariPool-1 - Start completed.
2020-01-04 20:38:20.205 [main] INFO  com.pinbang.pb.PbApplication - Starting PbApplication on AFAAW-710121652 with PID 14264 (C:\Users\Administrator\IdeaProjects\pb\target\classes started by Administrator in C:\Users\Administrator\IdeaProjects\pb)
2020-01-04 20:38:20.208 [main] INFO  com.pinbang.pb.PbApplication - No active profile set, falling back to default profiles: default
2020-01-04 20:38:22.952 [main] INFO  org.apache.coyote.http11.Http11NioProtocol - Initializing ProtocolHandler ["http-nio-8080"]
2020-01-04 20:38:22.954 [main] INFO  org.apache.catalina.core.StandardService - Starting service [Tomcat]
2020-01-04 20:38:22.956 [main] INFO  org.apache.catalina.core.StandardEngine - Starting Servlet engine: [Apache Tomcat/9.0.29]
2020-01-04 20:38:23.117 [main] INFO  o.a.c.core.ContainerBase.[Tomcat].[localhost].[/] - Initializing Spring embedded WebApplicationContext
2020-01-04 20:38:24.750 [main] INFO  org.apache.coyote.http11.Http11NioProtocol - Starting ProtocolHandler ["http-nio-8080"]
2020-01-04 20:38:24.793 [main] INFO  com.pinbang.pb.PbApplication - Started PbApplication in 5.557 seconds (JVM running for 9.582)
2020-01-04 20:38:31.872 [http-nio-8080-exec-1] INFO  o.a.c.core.ContainerBase.[Tomcat].[localhost].[/] - Initializing Spring DispatcherServlet 'dispatcherServlet'
2020-01-04 20:38:31.992 [http-nio-8080-exec-1] INFO  com.zaxxer.hikari.HikariDataSource - HikariPool-1 - Starting...
2020-01-04 20:38:32.190 [http-nio-8080-exec-1] INFO  com.zaxxer.hikari.HikariDataSource - HikariPool-1 - Start completed.
2020-01-04 22:33:03.183 [main] INFO  com.pinbang.pb.PbApplication - Starting PbApplication on AFAAW-710121652 with PID 14388 (C:\Users\Administrator\IdeaProjects\pb\target\classes started by Administrator in C:\Users\Administrator\IdeaProjects\pb)
2020-01-04 22:33:03.185 [main] INFO  com.pinbang.pb.PbApplication - No active profile set, falling back to default profiles: default
2020-01-04 22:33:06.238 [main] INFO  org.apache.coyote.http11.Http11NioProtocol - Initializing ProtocolHandler ["http-nio-8080"]
2020-01-04 22:33:06.240 [main] INFO  org.apache.catalina.core.StandardService - Starting service [Tomcat]
2020-01-04 22:33:06.241 [main] INFO  org.apache.catalina.core.StandardEngine - Starting Servlet engine: [Apache Tomcat/9.0.29]
2020-01-04 22:33:06.484 [main] INFO  o.a.c.core.ContainerBase.[Tomcat].[localhost].[/] - Initializing Spring embedded WebApplicationContext
2020-01-04 22:33:08.268 [main] INFO  org.apache.coyote.http11.Http11NioProtocol - Starting ProtocolHandler ["http-nio-8080"]
2020-01-04 22:33:08.299 [main] INFO  com.pinbang.pb.PbApplication - Started PbApplication in 6.165 seconds (JVM running for 10.23)
2020-01-04 22:33:23.251 [http-nio-8080-exec-1] INFO  o.a.c.core.ContainerBase.[Tomcat].[localhost].[/] - Initializing Spring DispatcherServlet 'dispatcherServlet'
2020-01-04 22:33:23.421 [http-nio-8080-exec-1] INFO  com.zaxxer.hikari.HikariDataSource - HikariPool-1 - Starting...
2020-01-04 22:33:23.612 [http-nio-8080-exec-1] INFO  com.zaxxer.hikari.HikariDataSource - HikariPool-1 - Start completed.
2020-01-04 22:36:03.462 [main] INFO  com.pinbang.pb.PbApplication - Starting PbApplication on AFAAW-710121652 with PID 16676 (C:\Users\Administrator\IdeaProjects\pb\target\classes started by Administrator in C:\Users\Administrator\IdeaProjects\pb)
2020-01-04 22:36:03.464 [main] INFO  com.pinbang.pb.PbApplication - No active profile set, falling back to default profiles: default
2020-01-04 22:36:06.297 [main] INFO  org.apache.coyote.http11.Http11NioProtocol - Initializing ProtocolHandler ["http-nio-8080"]
2020-01-04 22:36:06.298 [main] INFO  org.apache.catalina.core.StandardService - Starting service [Tomcat]
2020-01-04 22:36:06.299 [main] INFO  org.apache.catalina.core.StandardEngine - Starting Servlet engine: [Apache Tomcat/9.0.29]
2020-01-04 22:36:06.524 [main] INFO  o.a.c.core.ContainerBase.[Tomcat].[localhost].[/] - Initializing Spring embedded WebApplicationContext
2020-01-04 22:36:08.063 [main] INFO  org.apache.coyote.http11.Http11NioProtocol - Starting ProtocolHandler ["http-nio-8080"]
2020-01-04 22:36:08.109 [main] INFO  com.pinbang.pb.PbApplication - Started PbApplication in 5.608 seconds (JVM running for 10.167)
2020-01-04 22:38:52.748 [main] INFO  com.pinbang.pb.PbApplication - Starting PbApplication on AFAAW-710121652 with PID 14992 (C:\Users\Administrator\IdeaProjects\pb\target\classes started by Administrator in C:\Users\Administrator\IdeaProjects\pb)
2020-01-04 22:38:52.750 [main] INFO  com.pinbang.pb.PbApplication - No active profile set, falling back to default profiles: default
2020-01-04 22:38:55.222 [main] INFO  org.apache.coyote.http11.Http11NioProtocol - Initializing ProtocolHandler ["http-nio-8080"]
2020-01-04 22:38:55.223 [main] INFO  org.apache.catalina.core.StandardService - Starting service [Tomcat]
2020-01-04 22:38:55.224 [main] INFO  org.apache.catalina.core.StandardEngine - Starting Servlet engine: [Apache Tomcat/9.0.29]
2020-01-04 22:38:55.470 [main] INFO  o.a.c.core.ContainerBase.[Tomcat].[localhost].[/] - Initializing Spring embedded WebApplicationContext
2020-01-04 22:38:56.964 [main] INFO  org.apache.coyote.http11.Http11NioProtocol - Starting ProtocolHandler ["http-nio-8080"]
2020-01-04 22:38:56.999 [main] INFO  com.pinbang.pb.PbApplication - Started PbApplication in 5.38 seconds (JVM running for 9.745)
2020-01-04 22:39:25.136 [http-nio-8080-exec-1] INFO  o.a.c.core.ContainerBase.[Tomcat].[localhost].[/] - Initializing Spring DispatcherServlet 'dispatcherServlet'
2020-01-04 22:39:25.337 [http-nio-8080-exec-1] INFO  com.zaxxer.hikari.HikariDataSource - HikariPool-1 - Starting...
2020-01-04 22:39:25.514 [http-nio-8080-exec-1] INFO  com.zaxxer.hikari.HikariDataSource - HikariPool-1 - Start completed.
2020-01-04 22:39:46.594 [http-nio-8080-exec-3] ERROR o.a.c.c.C.[.[localhost].[/].[dispatcherServlet] - Servlet.service() for servlet [dispatcherServlet] in context with path [] threw exception [Request processing failed; nested exception is java.lang.RuntimeException: 转换为日期类型错误：DATE：2020-01-16  FORMAT:yyyy-MM-dd HH:mm:ss] with root cause
java.lang.RuntimeException: 转换为日期类型错误：DATE：2020-01-16  FORMAT:yyyy-MM-dd HH:mm:ss
	at com.pinbang.pb.util.StringUtil.getDateByString(StringUtil.java:63)
	at com.pinbang.pb.controller.logController.LogController.search(LogController.java:36)
	at sun.reflect.NativeMethodAccessorImpl.invoke0(Native Method)
	at sun.reflect.NativeMethodAccessorImpl.invoke(NativeMethodAccessorImpl.java:62)
	at sun.reflect.DelegatingMethodAccessorImpl.invoke(DelegatingMethodAccessorImpl.java:43)
	at java.lang.reflect.Method.invoke(Method.java:498)
	at org.springframework.web.method.support.InvocableHandlerMethod.doInvoke(InvocableHandlerMethod.java:190)
	at org.springframework.web.method.support.InvocableHandlerMethod.invokeForRequest(InvocableHandlerMethod.java:138)
	at org.springframework.web.servlet.mvc.method.annotation.ServletInvocableHandlerMethod.invokeAndHandle(ServletInvocableHandlerMethod.java:106)
	at org.springframework.web.servlet.mvc.method.annotation.RequestMappingHandlerAdapter.invokeHandlerMethod(RequestMappingHandlerAdapter.java:888)
	at org.springframework.web.servlet.mvc.method.annotation.RequestMappingHandlerAdapter.handleInternal(RequestMappingHandlerAdapter.java:793)
	at org.springframework.web.servlet.mvc.method.AbstractHandlerMethodAdapter.handle(AbstractHandlerMethodAdapter.java:87)
	at org.springframework.web.servlet.DispatcherServlet.doDispatch(DispatcherServlet.java:1040)
	at org.springframework.web.servlet.DispatcherServlet.doService(DispatcherServlet.java:943)
	at org.springframework.web.servlet.FrameworkServlet.processRequest(FrameworkServlet.java:1006)
	at org.springframework.web.servlet.FrameworkServlet.doGet(FrameworkServlet.java:898)
	at javax.servlet.http.HttpServlet.service(HttpServlet.java:634)
	at org.springframework.web.servlet.FrameworkServlet.service(FrameworkServlet.java:883)
	at javax.servlet.http.HttpServlet.service(HttpServlet.java:741)
	at org.apache.catalina.core.ApplicationFilterChain.internalDoFilter(ApplicationFilterChain.java:231)
	at org.apache.catalina.core.ApplicationFilterChain.doFilter(ApplicationFilterChain.java:166)
	at org.apache.tomcat.websocket.server.WsFilter.doFilter(WsFilter.java:53)
	at org.apache.catalina.core.ApplicationFilterChain.internalDoFilter(ApplicationFilterChain.java:193)
	at org.apache.catalina.core.ApplicationFilterChain.doFilter(ApplicationFilterChain.java:166)
	at org.springframework.web.filter.RequestContextFilter.doFilterInternal(RequestContextFilter.java:100)
	at org.springframework.web.filter.OncePerRequestFilter.doFilter(OncePerRequestFilter.java:119)
	at org.apache.catalina.core.ApplicationFilterChain.internalDoFilter(ApplicationFilterChain.java:193)
	at org.apache.catalina.core.ApplicationFilterChain.doFilter(ApplicationFilterChain.java:166)
	at org.springframework.web.filter.FormContentFilter.doFilterInternal(FormContentFilter.java:93)
	at org.springframework.web.filter.OncePerRequestFilter.doFilter(OncePerRequestFilter.java:119)
	at org.apache.catalina.core.ApplicationFilterChain.internalDoFilter(ApplicationFilterChain.java:193)
	at org.apache.catalina.core.ApplicationFilterChain.doFilter(ApplicationFilterChain.java:166)
	at org.springframework.web.filter.CharacterEncodingFilter.doFilterInternal(CharacterEncodingFilter.java:201)
	at org.springframework.web.filter.OncePerRequestFilter.doFilter(OncePerRequestFilter.java:119)
	at org.apache.catalina.core.ApplicationFilterChain.internalDoFilter(ApplicationFilterChain.java:193)
	at org.apache.catalina.core.ApplicationFilterChain.doFilter(ApplicationFilterChain.java:166)
	at org.apache.catalina.core.StandardWrapperValve.invoke(StandardWrapperValve.java:202)
	at org.apache.catalina.core.StandardContextValve.invoke(StandardContextValve.java:96)
	at org.apache.catalina.authenticator.AuthenticatorBase.invoke(AuthenticatorBase.java:526)
	at org.apache.catalina.core.StandardHostValve.invoke(StandardHostValve.java:139)
	at org.apache.catalina.valves.ErrorReportValve.invoke(ErrorReportValve.java:92)
	at org.apache.catalina.core.StandardEngineValve.invoke(StandardEngineValve.java:74)
	at org.apache.catalina.connector.CoyoteAdapter.service(CoyoteAdapter.java:343)
	at org.apache.coyote.http11.Http11Processor.service(Http11Processor.java:367)
	at org.apache.coyote.AbstractProcessorLight.process(AbstractProcessorLight.java:65)
	at org.apache.coyote.AbstractProtocol$ConnectionHandler.process(AbstractProtocol.java:860)
	at org.apache.tomcat.util.net.NioEndpoint$SocketProcessor.doRun(NioEndpoint.java:1591)
	at org.apache.tomcat.util.net.SocketProcessorBase.run(SocketProcessorBase.java:49)
	at java.util.concurrent.ThreadPoolExecutor.runWorker(ThreadPoolExecutor.java:1142)
	at java.util.concurrent.ThreadPoolExecutor$Worker.run(ThreadPoolExecutor.java:617)
	at org.apache.tomcat.util.threads.TaskThread$WrappingRunnable.run(TaskThread.java:61)
	at java.lang.Thread.run(Thread.java:748)
2020-01-04 22:40:47.950 [main] INFO  com.pinbang.pb.PbApplication - Starting PbApplication on AFAAW-710121652 with PID 14984 (C:\Users\Administrator\IdeaProjects\pb\target\classes started by Administrator in C:\Users\Administrator\IdeaProjects\pb)
2020-01-04 22:40:47.952 [main] INFO  com.pinbang.pb.PbApplication - No active profile set, falling back to default profiles: default
2020-01-04 22:40:50.333 [main] INFO  org.apache.coyote.http11.Http11NioProtocol - Initializing ProtocolHandler ["http-nio-8080"]
2020-01-04 22:40:50.334 [main] INFO  org.apache.catalina.core.StandardService - Starting service [Tomcat]
2020-01-04 22:40:50.335 [main] INFO  org.apache.catalina.core.StandardEngine - Starting Servlet engine: [Apache Tomcat/9.0.29]
2020-01-04 22:40:50.517 [main] INFO  o.a.c.core.ContainerBase.[Tomcat].[localhost].[/] - Initializing Spring embedded WebApplicationContext
2020-01-04 22:40:52.051 [main] INFO  org.apache.coyote.http11.Http11NioProtocol - Starting ProtocolHandler ["http-nio-8080"]
2020-01-04 22:40:52.088 [main] INFO  com.pinbang.pb.PbApplication - Started PbApplication in 5.277 seconds (JVM running for 9.496)
2020-01-04 22:40:58.004 [http-nio-8080-exec-1] INFO  o.a.c.core.ContainerBase.[Tomcat].[localhost].[/] - Initializing Spring DispatcherServlet 'dispatcherServlet'
2020-01-04 22:40:58.159 [http-nio-8080-exec-1] INFO  com.zaxxer.hikari.HikariDataSource - HikariPool-1 - Starting...
2020-01-04 22:40:58.338 [http-nio-8080-exec-1] INFO  com.zaxxer.hikari.HikariDataSource - HikariPool-1 - Start completed.
